C:\Program Files (x86)\MSBuild\Microsoft.Cpp\v4.0\V140\Microsoft.CppBuild.targets(392,5): warning MSB8028: The intermediate directory (Debug\) contains files shared from another project (opengll.vcxproj, part1.vcxproj).  This can lead to incorrect clean and rebuild behavior.
  main.cpp
c:\users\classicneil\desktop\cg\course material\12207724-zizhou-draft part 2\opengll\main.cpp(81): warning C4244: 'argument': conversion from 'GLdouble' to 'GLfloat', possible loss of data
c:\users\classicneil\desktop\cg\course material\12207724-zizhou-draft part 2\opengll\main.cpp(82): warning C4244: 'argument': conversion from 'GLdouble' to 'GLfloat', possible loss of data
c:\users\classicneil\desktop\cg\course material\12207724-zizhou-draft part 2\opengll\main.cpp(85): warning C4244: 'argument': conversion from 'GLdouble' to 'GLfloat', possible loss of data
c:\users\classicneil\desktop\cg\course material\12207724-zizhou-draft part 2\opengll\main.cpp(86): warning C4244: 'argument': conversion from 'GLdouble' to 'GLfloat', possible loss of data
c:\users\classicneil\desktop\cg\course material\12207724-zizhou-draft part 2\opengll\main.cpp(89): warning C4244: 'argument': conversion from 'GLdouble' to 'GLfloat', possible loss of data
c:\users\classicneil\desktop\cg\course material\12207724-zizhou-draft part 2\opengll\main.cpp(90): warning C4244: 'argument': conversion from 'GLdouble' to 'GLfloat', possible loss of data
c:\users\classicneil\desktop\cg\course material\12207724-zizhou-draft part 2\opengll\main.cpp(98): warning C4838: conversion from 'GLdouble' to 'GLfloat' requires a narrowing conversion
c:\users\classicneil\desktop\cg\course material\12207724-zizhou-draft part 2\opengll\main.cpp(98): warning C4244: 'initializing': conversion from 'GLdouble' to 'GLfloat', possible loss of data
c:\users\classicneil\desktop\cg\course material\12207724-zizhou-draft part 2\opengll\main.cpp(129): warning C4305: 'argument': truncation from 'double' to 'GLfloat'
c:\users\classicneil\desktop\cg\course material\12207724-zizhou-draft part 2\opengll\main.cpp(161): warning C4244: 'argument': conversion from 'GLdouble' to 'GLfloat', possible loss of data
c:\users\classicneil\desktop\cg\course material\12207724-zizhou-draft part 2\opengll\main.cpp(162): warning C4244: 'argument': conversion from 'GLdouble' to 'GLfloat', possible loss of data
c:\users\classicneil\desktop\cg\course material\12207724-zizhou-draft part 2\opengll\main.cpp(210): warning C4244: 'argument': conversion from 'GLdouble' to 'GLfloat', possible loss of data
c:\users\classicneil\desktop\cg\course material\12207724-zizhou-draft part 2\opengll\main.cpp(213): warning C4244: 'argument': conversion from 'GLdouble' to 'GLfloat', possible loss of data
c:\users\classicneil\desktop\cg\course material\12207724-zizhou-draft part 2\opengll\main.cpp(216): warning C4244: 'argument': conversion from 'GLdouble' to 'GLfloat', possible loss of data
c:\users\classicneil\desktop\cg\course material\12207724-zizhou-draft part 2\opengll\main.cpp(219): warning C4244: 'argument': conversion from 'GLdouble' to 'GLfloat', possible loss of data
c:\users\classicneil\desktop\cg\course material\12207724-zizhou-draft part 2\opengll\main.cpp(222): warning C4244: 'argument': conversion from 'GLdouble' to 'GLfloat', possible loss of data
c:\users\classicneil\desktop\cg\course material\12207724-zizhou-draft part 2\opengll\main.cpp(225): warning C4244: 'argument': conversion from 'GLdouble' to 'GLfloat', possible loss of data
  opengll.vcxproj -> C:\Users\ClassicNeil\Desktop\CG\Course Material\12207724-Zizhou-draft part 2\Debug\part2.exe
  opengll.vcxproj -> C:\Users\ClassicNeil\Desktop\CG\Course Material\12207724-Zizhou-draft part 2\Debug\part2.pdb (Partial PDB)
