  stb_image_aug.c
c:\users\classicneil\desktop\cg\assignments\3dobject\simple opengl image library\src\stbi_dds_aug_c.h(362): warning C4018: '>': signed/unsigned mismatch
c:\users\classicneil\desktop\cg\assignments\3dobject\simple opengl image library\src\stbi_dds_aug_c.h(366): warning C4018: '>': signed/unsigned mismatch
c:\users\classicneil\desktop\cg\assignments\3dobject\simple opengl image library\src\stbi_dds_aug_c.h(390): warning C4018: '<': signed/unsigned mismatch
c:\users\classicneil\desktop\cg\assignments\3dobject\simple opengl image library\src\stbi_dds_aug_c.h(427): warning C4018: '<': signed/unsigned mismatch
  SOIL.c
c:\program files (x86)\windows kits\8.1\include\um\gl\gl.h(1157): error C2054: expected '(' to follow 'WINGDIAPI'
c:\program files (x86)\windows kits\8.1\include\um\gl\gl.h(1157): error C2085: 'APIENTRY': not in formal parameter list
c:\program files (x86)\windows kits\8.1\include\um\gl\gl.h(1157): error C2146: syntax error: missing ',' before identifier 'glAccum'
c:\program files (x86)\windows kits\8.1\include\um\gl\gl.h(1157): error C2143: syntax error: missing ';' before '('
c:\program files (x86)\windows kits\8.1\include\um\gl\gl.h(1157): error C2059: syntax error: ')'
c:\program files (x86)\windows kits\8.1\include\um\gl\gl.h(1158): error C2054: expected '(' to follow 'WINGDIAPI'
c:\program files (x86)\windows kits\8.1\include\um\gl\gl.h(1158): error C2085: 'APIENTRY': not in formal parameter list
c:\program files (x86)\windows kits\8.1\include\um\gl\gl.h(1158): error C2146: syntax error: missing ',' before identifier 'glAlphaFunc'
c:\program files (x86)\windows kits\8.1\include\um\gl\gl.h(1158): error C2143: syntax error: missing ';' before '('
c:\program files (x86)\windows kits\8.1\include\um\gl\gl.h(1158): error C2059: syntax error: ')'
c:\program files (x86)\windows kits\8.1\include\um\gl\gl.h(1159): error C2054: expected '(' to follow 'WINGDIAPI'
c:\program files (x86)\windows kits\8.1\include\um\gl\gl.h(1159): error C2085: 'APIENTRY': not in formal parameter list
c:\program files (x86)\windows kits\8.1\include\um\gl\gl.h(1159): error C2146: syntax error: missing ',' before identifier 'glAreTexturesResident'
c:\program files (x86)\windows kits\8.1\include\um\gl\gl.h(1159): error C2143: syntax error: missing ';' before '('
c:\program files (x86)\windows kits\8.1\include\um\gl\gl.h(1159): error C2059: syntax error: ')'
c:\program files (x86)\windows kits\8.1\include\um\gl\gl.h(1160): error C2054: expected '(' to follow 'WINGDIAPI'
c:\program files (x86)\windows kits\8.1\include\um\gl\gl.h(1160): error C2085: 'APIENTRY': not in formal parameter list
c:\program files (x86)\windows kits\8.1\include\um\gl\gl.h(1160): error C2146: syntax error: missing ',' before identifier 'glArrayElement'
c:\program files (x86)\windows kits\8.1\include\um\gl\gl.h(1160): error C2143: syntax error: missing ';' before '('
c:\program files (x86)\windows kits\8.1\include\um\gl\gl.h(1160): error C2059: syntax error: ')'
c:\program files (x86)\windows kits\8.1\include\um\gl\gl.h(1161): error C2054: expected '(' to follow 'WINGDIAPI'
c:\program files (x86)\windows kits\8.1\include\um\gl\gl.h(1161): error C2085: 'APIENTRY': not in formal parameter list
c:\program files (x86)\windows kits\8.1\include\um\gl\gl.h(1161): error C2146: syntax error: missing ',' before identifier 'glBegin'
c:\program files (x86)\windows kits\8.1\include\um\gl\gl.h(1161): error C2143: syntax error: missing ';' before '('
c:\program files (x86)\windows kits\8.1\include\um\gl\gl.h(1161): error C2059: syntax error: ')'
c:\program files (x86)\windows kits\8.1\include\um\gl\gl.h(1162): error C2054: expected '(' to follow 'WINGDIAPI'
c:\program files (x86)\windows kits\8.1\include\um\gl\gl.h(1162): error C2085: 'APIENTRY': not in formal parameter list
c:\program files (x86)\windows kits\8.1\include\um\gl\gl.h(1162): error C2146: syntax error: missing ',' before identifier 'glBindTexture'
c:\program files (x86)\windows kits\8.1\include\um\gl\gl.h(1162): error C2143: syntax error: missing ';' before '('
c:\program files (x86)\windows kits\8.1\include\um\gl\gl.h(1162): error C2059: syntax error: ')'
c:\program files (x86)\windows kits\8.1\include\um\gl\gl.h(1163): error C2054: expected '(' to follow 'WINGDIAPI'
c:\program files (x86)\windows kits\8.1\include\um\gl\gl.h(1163): error C2085: 'APIENTRY': not in formal parameter list
c:\program files (x86)\windows kits\8.1\include\um\gl\gl.h(1163): error C2146: syntax error: missing ',' before identifier 'glBitmap'
c:\program files (x86)\windows kits\8.1\include\um\gl\gl.h(1163): error C2143: syntax error: missing ';' before '('
c:\program files (x86)\windows kits\8.1\include\um\gl\gl.h(1163): error C2059: syntax error: ')'
c:\program files (x86)\windows kits\8.1\include\um\gl\gl.h(1164): error C2054: expected '(' to follow 'WINGDIAPI'
c:\program files (x86)\windows kits\8.1\include\um\gl\gl.h(1164): error C2085: 'APIENTRY': not in formal parameter list
c:\program files (x86)\windows kits\8.1\include\um\gl\gl.h(1164): error C2146: syntax error: missing ',' before identifier 'glBlendFunc'
c:\program files (x86)\windows kits\8.1\include\um\gl\gl.h(1164): error C2143: syntax error: missing ';' before '('
c:\program files (x86)\windows kits\8.1\include\um\gl\gl.h(1164): error C2059: syntax error: ')'
c:\program files (x86)\windows kits\8.1\include\um\gl\gl.h(1165): error C2054: expected '(' to follow 'WINGDIAPI'
c:\program files (x86)\windows kits\8.1\include\um\gl\gl.h(1165): error C2085: 'APIENTRY': not in formal parameter list
c:\program files (x86)\windows kits\8.1\include\um\gl\gl.h(1165): error C2146: syntax error: missing ',' before identifier 'glCallList'
c:\program files (x86)\windows kits\8.1\include\um\gl\gl.h(1165): error C2143: syntax error: missing ';' before '('
c:\program files (x86)\windows kits\8.1\include\um\gl\gl.h(1165): error C2059: syntax error: ')'
c:\program files (x86)\windows kits\8.1\include\um\gl\gl.h(1166): error C2054: expected '(' to follow 'WINGDIAPI'
c:\program files (x86)\windows kits\8.1\include\um\gl\gl.h(1166): error C2085: 'APIENTRY': not in formal parameter list
c:\program files (x86)\windows kits\8.1\include\um\gl\gl.h(1166): error C2146: syntax error: missing ',' before identifier 'glCallLists'
c:\program files (x86)\windows kits\8.1\include\um\gl\gl.h(1166): error C2143: syntax error: missing ';' before '('
c:\program files (x86)\windows kits\8.1\include\um\gl\gl.h(1166): error C2059: syntax error: ')'
c:\program files (x86)\windows kits\8.1\include\um\gl\gl.h(1167): error C2054: expected '(' to follow 'WINGDIAPI'
c:\program files (x86)\windows kits\8.1\include\um\gl\gl.h(1167): error C2085: 'APIENTRY': not in formal parameter list
c:\program files (x86)\windows kits\8.1\include\um\gl\gl.h(1167): error C2146: syntax error: missing ',' before identifier 'glClear'
c:\program files (x86)\windows kits\8.1\include\um\gl\gl.h(1167): error C2143: syntax error: missing ';' before '('
c:\program files (x86)\windows kits\8.1\include\um\gl\gl.h(1167): error C2059: syntax error: ')'
c:\program files (x86)\windows kits\8.1\include\um\gl\gl.h(1168): error C2054: expected '(' to follow 'WINGDIAPI'
c:\program files (x86)\windows kits\8.1\include\um\gl\gl.h(1168): error C2085: 'APIENTRY': not in formal parameter list
c:\program files (x86)\windows kits\8.1\include\um\gl\gl.h(1168): error C2146: syntax error: missing ',' before identifier 'glClearAccum'
c:\program files (x86)\windows kits\8.1\include\um\gl\gl.h(1168): error C2143: syntax error: missing ';' before '('
c:\program files (x86)\windows kits\8.1\include\um\gl\gl.h(1168): error C2059: syntax error: ')'
c:\program files (x86)\windows kits\8.1\include\um\gl\gl.h(1169): error C2054: expected '(' to follow 'WINGDIAPI'
c:\program files (x86)\windows kits\8.1\include\um\gl\gl.h(1169): error C2085: 'APIENTRY': not in formal parameter list
c:\program files (x86)\windows kits\8.1\include\um\gl\gl.h(1169): error C2146: syntax error: missing ',' before identifier 'glClearColor'
c:\program files (x86)\windows kits\8.1\include\um\gl\gl.h(1169): error C2143: syntax error: missing ';' before '('
c:\program files (x86)\windows kits\8.1\include\um\gl\gl.h(1169): error C2059: syntax error: ')'
c:\program files (x86)\windows kits\8.1\include\um\gl\gl.h(1170): error C2054: expected '(' to follow 'WINGDIAPI'
c:\program files (x86)\windows kits\8.1\include\um\gl\gl.h(1170): error C2085: 'APIENTRY': not in formal parameter list
c:\program files (x86)\windows kits\8.1\include\um\gl\gl.h(1170): error C2146: syntax error: missing ',' before identifier 'glClearDepth'
c:\program files (x86)\windows kits\8.1\include\um\gl\gl.h(1170): error C2143: syntax error: missing ';' before '('
c:\program files (x86)\windows kits\8.1\include\um\gl\gl.h(1170): error C2059: syntax error: ')'
c:\program files (x86)\windows kits\8.1\include\um\gl\gl.h(1171): error C2054: expected '(' to follow 'WINGDIAPI'
c:\program files (x86)\windows kits\8.1\include\um\gl\gl.h(1171): error C2085: 'APIENTRY': not in formal parameter list
c:\program files (x86)\windows kits\8.1\include\um\gl\gl.h(1171): error C2146: syntax error: missing ',' before identifier 'glClearIndex'
c:\program files (x86)\windows kits\8.1\include\um\gl\gl.h(1171): error C2143: syntax error: missing ';' before '('
c:\program files (x86)\windows kits\8.1\include\um\gl\gl.h(1171): error C2059: syntax error: ')'
c:\program files (x86)\windows kits\8.1\include\um\gl\gl.h(1172): error C2054: expected '(' to follow 'WINGDIAPI'
c:\program files (x86)\windows kits\8.1\include\um\gl\gl.h(1172): error C2085: 'APIENTRY': not in formal parameter list
c:\program files (x86)\windows kits\8.1\include\um\gl\gl.h(1172): error C2146: syntax error: missing ',' before identifier 'glClearStencil'
c:\program files (x86)\windows kits\8.1\include\um\gl\gl.h(1172): error C2143: syntax error: missing ';' before '('
c:\program files (x86)\windows kits\8.1\include\um\gl\gl.h(1172): error C2059: syntax error: ')'
c:\program files (x86)\windows kits\8.1\include\um\gl\gl.h(1173): error C2054: expected '(' to follow 'WINGDIAPI'
c:\program files (x86)\windows kits\8.1\include\um\gl\gl.h(1173): error C2085: 'APIENTRY': not in formal parameter list
c:\program files (x86)\windows kits\8.1\include\um\gl\gl.h(1173): error C2146: syntax error: missing ',' before identifier 'glClipPlane'
c:\program files (x86)\windows kits\8.1\include\um\gl\gl.h(1173): error C2143: syntax error: missing ';' before '('
c:\program files (x86)\windows kits\8.1\include\um\gl\gl.h(1173): error C2059: syntax error: ')'
c:\program files (x86)\windows kits\8.1\include\um\gl\gl.h(1174): error C2054: expected '(' to follow 'WINGDIAPI'
c:\program files (x86)\windows kits\8.1\include\um\gl\gl.h(1174): error C2085: 'APIENTRY': not in formal parameter list
c:\program files (x86)\windows kits\8.1\include\um\gl\gl.h(1174): error C2146: syntax error: missing ',' before identifier 'glColor3b'
c:\program files (x86)\windows kits\8.1\include\um\gl\gl.h(1174): error C2143: syntax error: missing ';' before '('
c:\program files (x86)\windows kits\8.1\include\um\gl\gl.h(1174): error C2059: syntax error: ')'
c:\program files (x86)\windows kits\8.1\include\um\gl\gl.h(1175): error C2054: expected '(' to follow 'WINGDIAPI'
c:\program files (x86)\windows kits\8.1\include\um\gl\gl.h(1175): error C2085: 'APIENTRY': not in formal parameter list
c:\program files (x86)\windows kits\8.1\include\um\gl\gl.h(1175): error C2146: syntax error: missing ',' before identifier 'glColor3bv'
c:\program files (x86)\windows kits\8.1\include\um\gl\gl.h(1175): error C2143: syntax error: missing ';' before '('
c:\program files (x86)\windows kits\8.1\include\um\gl\gl.h(1175): error C2059: syntax error: ')'
c:\program files (x86)\windows kits\8.1\include\um\gl\gl.h(1176): error C2054: expected '(' to follow 'WINGDIAPI'
c:\program files (x86)\windows kits\8.1\include\um\gl\gl.h(1176): error C2085: 'APIENTRY': not in formal parameter list
c:\program files (x86)\windows kits\8.1\include\um\gl\gl.h(1176): error C2146: syntax error: missing ',' before identifier 'glColor3d'
c:\program files (x86)\windows kits\8.1\include\um\gl\gl.h(1176): error C2143: syntax error: missing ';' before '('
c:\program files (x86)\windows kits\8.1\include\um\gl\gl.h(1176): error C2059: syntax error: ')'
c:\program files (x86)\windows kits\8.1\include\um\gl\gl.h(1177): error C2054: expected '(' to follow 'WINGDIAPI'
c:\program files (x86)\windows kits\8.1\include\um\gl\gl.h(1177): fatal error C1003: error count exceeds 100; stopping compilation
  image_helper.c
c:\users\classicneil\desktop\cg\assignments\3dobject\simple opengl image library\src\image_helper.c(325): warning C4244: 'initializing': conversion from 'double' to 'float', possible loss of data
c:\users\classicneil\desktop\cg\assignments\3dobject\simple opengl image library\src\image_helper.c(366): warning C4244: '=': conversion from 'double' to 'float', possible loss of data
c:\users\classicneil\desktop\cg\assignments\3dobject\simple opengl image library\src\image_helper.c(373): warning C4244: '=': conversion from 'float' to 'int', possible loss of data
c:\users\classicneil\desktop\cg\assignments\3dobject\simple opengl image library\src\image_helper.c(415): warning C4244: '=': conversion from 'double' to 'float', possible loss of data
c:\users\classicneil\desktop\cg\assignments\3dobject\simple opengl image library\src\image_helper.c(422): warning C4244: '=': conversion from 'float' to 'int', possible loss of data
  image_DXT.c
  Generating Code...
