  main.cpp
c:\users\classicneil\desktop\cg\assignments\assignment2\3dobject\part 2\main.cpp(263): warning C4244: 'initializing': conversion from 'double' to 'GLint', possible loss of data
c:\users\classicneil\desktop\cg\assignments\assignment2\3dobject\part 2\main.cpp(264): warning C4244: 'initializing': conversion from 'double' to 'GLint', possible loss of data
c:\users\classicneil\desktop\cg\assignments\assignment2\3dobject\part 2\main.cpp(265): warning C4244: 'initializing': conversion from 'double' to 'GLint', possible loss of data
c:\users\classicneil\desktop\cg\assignments\assignment2\3dobject\part 2\main.cpp(266): warning C4244: 'initializing': conversion from 'double' to 'GLint', possible loss of data
c:\users\classicneil\desktop\cg\assignments\assignment2\3dobject\part 2\main.cpp(267): warning C4244: 'initializing': conversion from 'double' to 'GLint', possible loss of data
c:\users\classicneil\desktop\cg\assignments\assignment2\3dobject\part 2\main.cpp(268): warning C4244: 'initializing': conversion from 'double' to 'GLint', possible loss of data
c:\users\classicneil\desktop\cg\assignments\assignment2\3dobject\part 2\main.cpp(270): warning C4244: 'initializing': conversion from 'double' to 'GLint', possible loss of data
c:\users\classicneil\desktop\cg\assignments\assignment2\3dobject\part 2\main.cpp(271): warning C4244: 'initializing': conversion from 'double' to 'GLint', possible loss of data
c:\users\classicneil\desktop\cg\assignments\assignment2\3dobject\part 2\main.cpp(272): warning C4244: 'initializing': conversion from 'double' to 'GLint', possible loss of data
c:\users\classicneil\desktop\cg\assignments\assignment2\3dobject\part 2\main.cpp(275): warning C4838: conversion from 'GLint' to 'GLdouble' requires a narrowing conversion
c:\users\classicneil\desktop\cg\assignments\assignment2\3dobject\part 2\main.cpp(276): warning C4838: conversion from 'GLint' to 'GLdouble' requires a narrowing conversion
c:\users\classicneil\desktop\cg\assignments\assignment2\3dobject\part 2\main.cpp(277): warning C4838: conversion from 'GLint' to 'GLdouble' requires a narrowing conversion
c:\users\classicneil\desktop\cg\assignments\assignment2\3dobject\part 2\main.cpp(343): warning C4244: 'argument': conversion from 'GLdouble' to 'GLfloat', possible loss of data
c:\users\classicneil\desktop\cg\assignments\assignment2\3dobject\part 2\main.cpp(346): warning C4244: 'argument': conversion from 'GLdouble' to 'GLfloat', possible loss of data
c:\users\classicneil\desktop\cg\assignments\assignment2\3dobject\part 2\main.cpp(349): warning C4244: 'argument': conversion from 'GLint' to 'GLfloat', possible loss of data
c:\users\classicneil\desktop\cg\assignments\assignment2\3dobject\part 2\main.cpp(349): warning C4244: 'argument': conversion from 'GLdouble' to 'GLfloat', possible loss of data
c:\users\classicneil\desktop\cg\assignments\assignment2\3dobject\part 2\main.cpp(353): warning C4244: 'argument': conversion from 'GLdouble' to 'GLfloat', possible loss of data
c:\users\classicneil\desktop\cg\assignments\assignment2\3dobject\part 2\main.cpp(356): warning C4244: 'argument': conversion from 'GLdouble' to 'GLfloat', possible loss of data
c:\users\classicneil\desktop\cg\assignments\assignment2\3dobject\part 2\main.cpp(359): warning C4244: 'argument': conversion from 'GLint' to 'GLfloat', possible loss of data
c:\users\classicneil\desktop\cg\assignments\assignment2\3dobject\part 2\main.cpp(359): warning C4244: 'argument': conversion from 'GLdouble' to 'GLfloat', possible loss of data
c:\users\classicneil\desktop\cg\assignments\assignment2\3dobject\part 2\main.cpp(363): warning C4244: 'argument': conversion from 'GLdouble' to 'GLfloat', possible loss of data
c:\users\classicneil\desktop\cg\assignments\assignment2\3dobject\part 2\main.cpp(366): warning C4244: 'argument': conversion from 'GLdouble' to 'GLfloat', possible loss of data
c:\users\classicneil\desktop\cg\assignments\assignment2\3dobject\part 2\main.cpp(369): warning C4244: 'argument': conversion from 'GLint' to 'GLfloat', possible loss of data
c:\users\classicneil\desktop\cg\assignments\assignment2\3dobject\part 2\main.cpp(369): warning C4244: 'argument': conversion from 'GLdouble' to 'GLfloat', possible loss of data
c:\users\classicneil\desktop\cg\assignments\assignment2\3dobject\part 2\main.cpp(374): warning C4244: 'argument': conversion from 'GLdouble' to 'GLfloat', possible loss of data
c:\users\classicneil\desktop\cg\assignments\assignment2\3dobject\part 2\main.cpp(377): warning C4244: 'argument': conversion from 'GLdouble' to 'GLfloat', possible loss of data
c:\users\classicneil\desktop\cg\assignments\assignment2\3dobject\part 2\main.cpp(380): warning C4244: 'argument': conversion from 'GLint' to 'GLfloat', possible loss of data
c:\users\classicneil\desktop\cg\assignments\assignment2\3dobject\part 2\main.cpp(380): warning C4244: 'argument': conversion from 'GLdouble' to 'GLfloat', possible loss of data
c:\users\classicneil\desktop\cg\assignments\assignment2\3dobject\part 2\main.cpp(468): warning C4101: 'c': unreferenced local variable
c:\users\classicneil\desktop\cg\assignments\assignment2\3dobject\part 2\main.cpp(659): warning C4244: 'argument': conversion from 'GLdouble' to 'GLfloat', possible loss of data
c:\users\classicneil\desktop\cg\assignments\assignment2\3dobject\part 2\main.cpp(660): warning C4244: 'argument': conversion from 'GLdouble' to 'GLfloat', possible loss of data
c:\users\classicneil\desktop\cg\assignments\assignment2\3dobject\part 2\main.cpp(663): warning C4244: 'argument': conversion from 'GLdouble' to 'GLfloat', possible loss of data
c:\users\classicneil\desktop\cg\assignments\assignment2\3dobject\part 2\main.cpp(664): warning C4244: 'argument': conversion from 'GLdouble' to 'GLfloat', possible loss of data
c:\users\classicneil\desktop\cg\assignments\assignment2\3dobject\part 2\main.cpp(667): warning C4244: 'argument': conversion from 'GLdouble' to 'GLfloat', possible loss of data
c:\users\classicneil\desktop\cg\assignments\assignment2\3dobject\part 2\main.cpp(668): warning C4244: 'argument': conversion from 'GLdouble' to 'GLfloat', possible loss of data
c:\users\classicneil\desktop\cg\assignments\assignment2\3dobject\part 2\main.cpp(676): warning C4838: conversion from 'GLdouble' to 'GLfloat' requires a narrowing conversion
c:\users\classicneil\desktop\cg\assignments\assignment2\3dobject\part 2\main.cpp(676): warning C4244: 'initializing': conversion from 'GLdouble' to 'GLfloat', possible loss of data
c:\users\classicneil\desktop\cg\assignments\assignment2\3dobject\part 2\main.cpp(707): warning C4305: 'argument': truncation from 'double' to 'GLfloat'
c:\users\classicneil\desktop\cg\assignments\assignment2\3dobject\part 2\main.cpp(708): warning C4305: 'argument': truncation from 'double' to 'GLfloat'
c:\users\classicneil\desktop\cg\assignments\assignment2\3dobject\part 2\main.cpp(709): warning C4305: 'argument': truncation from 'double' to 'GLfloat'
c:\users\classicneil\desktop\cg\assignments\assignment2\3dobject\part 2\main.cpp(748): warning C4244: 'argument': conversion from 'GLdouble' to 'GLfloat', possible loss of data
c:\users\classicneil\desktop\cg\assignments\assignment2\3dobject\part 2\main.cpp(749): warning C4244: 'argument': conversion from 'GLdouble' to 'GLfloat', possible loss of data
c:\users\classicneil\desktop\cg\assignments\assignment2\3dobject\part 2\main.cpp(831): warning C4244: 'argument': conversion from 'GLdouble' to 'GLfloat', possible loss of data
c:\users\classicneil\desktop\cg\assignments\assignment2\3dobject\part 2\main.cpp(834): warning C4244: 'argument': conversion from 'GLdouble' to 'GLfloat', possible loss of data
c:\users\classicneil\desktop\cg\assignments\assignment2\3dobject\part 2\main.cpp(837): warning C4244: 'argument': conversion from 'GLdouble' to 'GLfloat', possible loss of data
c:\users\classicneil\desktop\cg\assignments\assignment2\3dobject\part 2\main.cpp(840): warning C4244: 'argument': conversion from 'GLdouble' to 'GLfloat', possible loss of data
c:\users\classicneil\desktop\cg\assignments\assignment2\3dobject\part 2\main.cpp(843): warning C4244: 'argument': conversion from 'GLdouble' to 'GLfloat', possible loss of data
c:\users\classicneil\desktop\cg\assignments\assignment2\3dobject\part 2\main.cpp(846): warning C4244: 'argument': conversion from 'GLdouble' to 'GLfloat', possible loss of data
  Part 2.vcxproj -> C:\Users\ClassicNeil\Desktop\CG\Assignments\Assignment2\3DObject\Debug\Part 2.exe
